2023-05-23 13:05:459 INFO  BankManagerLoginPage :27 - Clicking On Bank Manager Login Button : [[ChromeDriver: chrome on WINDOWS (bb1108e32780b14c4157e07653b9ce8c)] -> xpath: //button[normalize-space()='Bank Manager Login']]
2023-05-23 13:05:666 INFO  AddCustomerPage :47 - Clicking On Add Customer Button : [[ChromeDriver: chrome on WINDOWS (bb1108e32780b14c4157e07653b9ce8c)] -> xpath: //button[normalize-space()='Add Customer']]
2023-05-23 13:05:12 INFO  AddCustomerPage :52 - Entering First Name Into First Name Filed : [[ChromeDriver: chrome on WINDOWS (bb1108e32780b14c4157e07653b9ce8c)] -> xpath: //input[@placeholder='First Name']]
2023-05-23 13:05:68 INFO  AddCustomerPage :57 - Entering Last Name Into Last Name Field : [[ChromeDriver: chrome on WINDOWS (bb1108e32780b14c4157e07653b9ce8c)] -> xpath: //input[@placeholder='Last Name']]
2023-05-23 13:05:142 INFO  AddCustomerPage :62 - Entering Postcode Into Postcode Field : [[ChromeDriver: chrome on WINDOWS (bb1108e32780b14c4157e07653b9ce8c)] -> xpath: //input[@placeholder='Post Code']]
2023-05-23 13:05:191 INFO  AddCustomerPage :67 - Clicking On Add Customer Button : [[ChromeDriver: chrome on WINDOWS (bb1108e32780b14c4157e07653b9ce8c)] -> xpath: //button[@type='submit']]
2023-05-23 13:05:297 INFO  BankManagerLoginPage :27 - Clicking On Bank Manager Login Button : [[ChromeDriver: chrome on WINDOWS (90b501350cc6f8630f0974ae4fcd86e7)] -> xpath: //button[normalize-space()='Bank Manager Login']]
2023-05-23 13:05:508 INFO  OpenAccountPage :44 - Clicking On Open An Account Button : [[ChromeDriver: chrome on WINDOWS (90b501350cc6f8630f0974ae4fcd86e7)] -> xpath: //button[normalize-space()='Open Account']]
2023-05-23 13:05:820 INFO  OpenAccountPage :50 - Clicking On The Customer Name Drop Down : [[ChromeDriver: chrome on WINDOWS (90b501350cc6f8630f0974ae4fcd86e7)] -> css selector: #userSelect]
2023-05-23 13:05:905 INFO  OpenAccountPage :52 - Selecting Customer Name From The Drop Down : [[ChromeDriver: chrome on WINDOWS (90b501350cc6f8630f0974ae4fcd86e7)] -> css selector: #userSelect]
2023-05-23 13:05:985 INFO  OpenAccountPage :58 - Clicking On The Currency Drop Down : [[ChromeDriver: chrome on WINDOWS (90b501350cc6f8630f0974ae4fcd86e7)] -> xpath: //select[@id='currency']]
2023-05-23 13:05:49 INFO  OpenAccountPage :60 - Selecting The Desired Currency From Currency Drop Down : [[ChromeDriver: chrome on WINDOWS (90b501350cc6f8630f0974ae4fcd86e7)] -> xpath: //select[@id='currency']]
2023-05-23 13:05:104 INFO  OpenAccountPage :65 - Clicking On The Process Button : [[ChromeDriver: chrome on WINDOWS (90b501350cc6f8630f0974ae4fcd86e7)] -> xpath: //button[@type='submit']]
2023-05-23 13:05:499 INFO  CustomerLoginPage :47 - Clicking On Customer Login Button : [[ChromeDriver: chrome on WINDOWS (cccd76d403cda77b4a49eb322ec90b8e)] -> xpath: //button[@type='submit']]
2023-05-23 13:05:574 INFO  CustomerLoginPage :53 - Clicking On Customer Name Selection Drop Down : [[ChromeDriver: chrome on WINDOWS (cccd76d403cda77b4a49eb322ec90b8e)] -> xpath: //select[@id='userSelect']]
2023-05-23 13:05:648 INFO  CustomerLoginPage :55 - Selecting Customer Name From The Drop Down : [[ChromeDriver: chrome on WINDOWS (cccd76d403cda77b4a49eb322ec90b8e)] -> xpath: //select[@id='userSelect']]
2023-05-23 13:05:735 INFO  CustomerLoginPage :60 - Clicking On Login Button : [[ChromeDriver: chrome on WINDOWS (cccd76d403cda77b4a49eb322ec90b8e)] -> xpath: //button[@type='submit']]
2023-05-23 13:05:911 INFO  CustomerLoginPage :65 - Verifying Whether The Logout Tab Is Displayed Or Not : 
2023-05-23 13:05:959 INFO  CustomerLoginPage :71 - Clicking On Logout Tab : [[ChromeDriver: chrome on WINDOWS (cccd76d403cda77b4a49eb322ec90b8e)] -> xpath: //button[@class='btn logout']]
2023-05-23 13:05:358 INFO  CustomerLoginPage :47 - Clicking On Customer Login Button : [[ChromeDriver: chrome on WINDOWS (c6a86a085167a0ec88eb9c7950b2461f)] -> xpath: //button[@type='submit']]
2023-05-23 13:05:419 INFO  CustomerLoginPage :53 - Clicking On Customer Name Selection Drop Down : [[ChromeDriver: chrome on WINDOWS (c6a86a085167a0ec88eb9c7950b2461f)] -> xpath: //select[@id='userSelect']]
2023-05-23 13:05:500 INFO  CustomerLoginPage :55 - Selecting Customer Name From The Drop Down : [[ChromeDriver: chrome on WINDOWS (c6a86a085167a0ec88eb9c7950b2461f)] -> xpath: //select[@id='userSelect']]
2023-05-23 13:05:700 INFO  CustomerLoginPage :60 - Clicking On Login Button : [[ChromeDriver: chrome on WINDOWS (c6a86a085167a0ec88eb9c7950b2461f)] -> xpath: //button[@type='submit']]
2023-05-23 13:05:839 INFO  AccountPage :49 - Clicking On Deposit Button : [[ChromeDriver: chrome on WINDOWS (c6a86a085167a0ec88eb9c7950b2461f)] -> xpath: //button[normalize-space()='Deposit']]
2023-05-23 13:05:93 INFO  AccountPage :54 - Entering The Amount Into Amount Field : [[ChromeDriver: chrome on WINDOWS (c6a86a085167a0ec88eb9c7950b2461f)] -> xpath: //input[@placeholder='amount']]
2023-05-23 13:05:148 INFO  AccountPage :59 - Clicking On Deposit Button : [[ChromeDriver: chrome on WINDOWS (c6a86a085167a0ec88eb9c7950b2461f)] -> xpath: //button[@type='submit']]
2023-05-23 13:05:786 INFO  CustomerLoginPage :47 - Clicking On Customer Login Button : [[ChromeDriver: chrome on WINDOWS (cf8fcacc91ab1e8320aac6a85862bb5d)] -> xpath: //button[@type='submit']]
2023-05-23 13:05:929 INFO  CustomerLoginPage :53 - Clicking On Customer Name Selection Drop Down : [[ChromeDriver: chrome on WINDOWS (cf8fcacc91ab1e8320aac6a85862bb5d)] -> xpath: //select[@id='userSelect']]
2023-05-23 13:05:13 INFO  CustomerLoginPage :55 - Selecting Customer Name From The Drop Down : [[ChromeDriver: chrome on WINDOWS (cf8fcacc91ab1e8320aac6a85862bb5d)] -> xpath: //select[@id='userSelect']]
2023-05-23 13:05:386 INFO  CustomerLoginPage :60 - Clicking On Login Button : [[ChromeDriver: chrome on WINDOWS (cf8fcacc91ab1e8320aac6a85862bb5d)] -> xpath: //button[@type='submit']]
2023-05-23 13:05:672 INFO  AccountPage :64 - Clicking On Withdraw Button : [[ChromeDriver: chrome on WINDOWS (cf8fcacc91ab1e8320aac6a85862bb5d)] -> xpath: //button[@type='submit']]
2023-05-23 13:05:738 INFO  AccountPage :54 - Entering The Amount Into Amount Field : [[ChromeDriver: chrome on WINDOWS (cf8fcacc91ab1e8320aac6a85862bb5d)] -> xpath: //input[@placeholder='amount']]
2023-05-23 13:05:790 INFO  AccountPage :74 - Clicking On Withdraw Button : [[ChromeDriver: chrome on WINDOWS (cf8fcacc91ab1e8320aac6a85862bb5d)] -> xpath: //button[@type='submit']]
2023-05-23 13:05:600 INFO  BankManagerLoginPage :27 - Clicking On Bank Manager Login Button : [[ChromeDriver: chrome on WINDOWS (1eefae64f4cd6ef77b06f43af4bf7119)] -> xpath: //button[normalize-space()='Bank Manager Login']]
2023-05-23 13:05:854 INFO  AddCustomerPage :47 - Clicking On Add Customer Button : [[ChromeDriver: chrome on WINDOWS (1eefae64f4cd6ef77b06f43af4bf7119)] -> xpath: //button[normalize-space()='Add Customer']]
2023-05-23 13:05:238 INFO  AddCustomerPage :52 - Entering First Name Into First Name Filed : [[ChromeDriver: chrome on WINDOWS (1eefae64f4cd6ef77b06f43af4bf7119)] -> xpath: //input[@placeholder='First Name']]
2023-05-23 13:05:348 INFO  AddCustomerPage :57 - Entering Last Name Into Last Name Field : [[ChromeDriver: chrome on WINDOWS (1eefae64f4cd6ef77b06f43af4bf7119)] -> xpath: //input[@placeholder='Last Name']]
2023-05-23 13:05:504 INFO  AddCustomerPage :62 - Entering Postcode Into Postcode Field : [[ChromeDriver: chrome on WINDOWS (1eefae64f4cd6ef77b06f43af4bf7119)] -> xpath: //input[@placeholder='Post Code']]
2023-05-23 13:05:622 INFO  AddCustomerPage :67 - Clicking On Add Customer Button : [[ChromeDriver: chrome on WINDOWS (1eefae64f4cd6ef77b06f43af4bf7119)] -> xpath: //button[@type='submit']]
2023-05-23 13:05:769 INFO  BankManagerLoginPage :27 - Clicking On Bank Manager Login Button : [[ChromeDriver: chrome on WINDOWS (323adfc673d4d9f4ff4cd3fb3fed5864)] -> xpath: //button[normalize-space()='Bank Manager Login']]
2023-05-23 13:05:27 INFO  OpenAccountPage :44 - Clicking On Open An Account Button : [[ChromeDriver: chrome on WINDOWS (323adfc673d4d9f4ff4cd3fb3fed5864)] -> xpath: //button[normalize-space()='Open Account']]
2023-05-23 13:05:295 INFO  OpenAccountPage :50 - Clicking On The Customer Name Drop Down : [[ChromeDriver: chrome on WINDOWS (323adfc673d4d9f4ff4cd3fb3fed5864)] -> css selector: #userSelect]
2023-05-23 13:05:416 INFO  OpenAccountPage :52 - Selecting Customer Name From The Drop Down : [[ChromeDriver: chrome on WINDOWS (323adfc673d4d9f4ff4cd3fb3fed5864)] -> css selector: #userSelect]
2023-05-23 13:05:547 INFO  OpenAccountPage :58 - Clicking On The Currency Drop Down : [[ChromeDriver: chrome on WINDOWS (323adfc673d4d9f4ff4cd3fb3fed5864)] -> xpath: //select[@id='currency']]
2023-05-23 13:05:647 INFO  OpenAccountPage :60 - Selecting The Desired Currency From Currency Drop Down : [[ChromeDriver: chrome on WINDOWS (323adfc673d4d9f4ff4cd3fb3fed5864)] -> xpath: //select[@id='currency']]
2023-05-23 13:05:753 INFO  OpenAccountPage :65 - Clicking On The Process Button : [[ChromeDriver: chrome on WINDOWS (323adfc673d4d9f4ff4cd3fb3fed5864)] -> xpath: //button[@type='submit']]
2023-05-23 13:05:721 INFO  CustomerLoginPage :47 - Clicking On Customer Login Button : [[ChromeDriver: chrome on WINDOWS (a677ff270810916fd4c7f250395a5023)] -> xpath: //button[@type='submit']]
2023-05-23 13:05:912 INFO  CustomerLoginPage :53 - Clicking On Customer Name Selection Drop Down : [[ChromeDriver: chrome on WINDOWS (a677ff270810916fd4c7f250395a5023)] -> xpath: //select[@id='userSelect']]
2023-05-23 13:05:14 INFO  CustomerLoginPage :55 - Selecting Customer Name From The Drop Down : [[ChromeDriver: chrome on WINDOWS (a677ff270810916fd4c7f250395a5023)] -> xpath: //select[@id='userSelect']]
2023-05-23 13:05:212 INFO  CustomerLoginPage :60 - Clicking On Login Button : [[ChromeDriver: chrome on WINDOWS (a677ff270810916fd4c7f250395a5023)] -> xpath: //button[@type='submit']]
2023-05-23 13:05:347 INFO  CustomerLoginPage :65 - Verifying Whether The Logout Tab Is Displayed Or Not : 
2023-05-23 13:05:433 INFO  CustomerLoginPage :71 - Clicking On Logout Tab : [[ChromeDriver: chrome on WINDOWS (a677ff270810916fd4c7f250395a5023)] -> xpath: //button[@class='btn logout']]
2023-05-23 13:05:32 INFO  CustomerLoginPage :47 - Clicking On Customer Login Button : [[ChromeDriver: chrome on WINDOWS (e3fb81d8c8d2b9eb02909091ef3a1b10)] -> xpath: //button[@type='submit']]
2023-05-23 13:05:226 INFO  CustomerLoginPage :53 - Clicking On Customer Name Selection Drop Down : [[ChromeDriver: chrome on WINDOWS (e3fb81d8c8d2b9eb02909091ef3a1b10)] -> xpath: //select[@id='userSelect']]
2023-05-23 13:05:332 INFO  CustomerLoginPage :55 - Selecting Customer Name From The Drop Down : [[ChromeDriver: chrome on WINDOWS (e3fb81d8c8d2b9eb02909091ef3a1b10)] -> xpath: //select[@id='userSelect']]
2023-05-23 13:05:763 INFO  CustomerLoginPage :60 - Clicking On Login Button : [[ChromeDriver: chrome on WINDOWS (e3fb81d8c8d2b9eb02909091ef3a1b10)] -> xpath: //button[@type='submit']]
2023-05-23 13:05:866 INFO  AccountPage :49 - Clicking On Deposit Button : [[ChromeDriver: chrome on WINDOWS (e3fb81d8c8d2b9eb02909091ef3a1b10)] -> xpath: //button[normalize-space()='Deposit']]
2023-05-23 13:05:156 INFO  AccountPage :54 - Entering The Amount Into Amount Field : [[ChromeDriver: chrome on WINDOWS (e3fb81d8c8d2b9eb02909091ef3a1b10)] -> xpath: //input[@placeholder='amount']]
2023-05-23 13:05:250 INFO  AccountPage :59 - Clicking On Deposit Button : [[ChromeDriver: chrome on WINDOWS (e3fb81d8c8d2b9eb02909091ef3a1b10)] -> xpath: //button[@type='submit']]
2023-05-23 13:05:906 INFO  CustomerLoginPage :47 - Clicking On Customer Login Button : [[ChromeDriver: chrome on WINDOWS (c2cc2f7baa8ff4c643719b025119488f)] -> xpath: //button[@type='submit']]
2023-05-23 13:05:22 INFO  CustomerLoginPage :53 - Clicking On Customer Name Selection Drop Down : [[ChromeDriver: chrome on WINDOWS (c2cc2f7baa8ff4c643719b025119488f)] -> xpath: //select[@id='userSelect']]
2023-05-23 13:05:225 INFO  CustomerLoginPage :55 - Selecting Customer Name From The Drop Down : [[ChromeDriver: chrome on WINDOWS (c2cc2f7baa8ff4c643719b025119488f)] -> xpath: //select[@id='userSelect']]
2023-05-23 13:05:350 INFO  CustomerLoginPage :60 - Clicking On Login Button : [[ChromeDriver: chrome on WINDOWS (c2cc2f7baa8ff4c643719b025119488f)] -> xpath: //button[@type='submit']]
2023-05-23 13:05:772 INFO  AccountPage :64 - Clicking On Withdraw Button : [[ChromeDriver: chrome on WINDOWS (c2cc2f7baa8ff4c643719b025119488f)] -> xpath: //button[@type='submit']]
2023-05-23 13:05:875 INFO  AccountPage :54 - Entering The Amount Into Amount Field : [[ChromeDriver: chrome on WINDOWS (c2cc2f7baa8ff4c643719b025119488f)] -> xpath: //input[@placeholder='amount']]
2023-05-23 13:05:964 INFO  AccountPage :74 - Clicking On Withdraw Button : [[ChromeDriver: chrome on WINDOWS (c2cc2f7baa8ff4c643719b025119488f)] -> xpath: //button[@type='submit']]
2023-05-23 13:05:528 INFO  BankManagerLoginPage :27 - Clicking On Bank Manager Login Button : [[ChromeDriver: chrome on WINDOWS (8711aa5114513fb675c3a6f32779e552)] -> xpath: //button[normalize-space()='Bank Manager Login']]
2023-05-23 13:05:760 INFO  AddCustomerPage :47 - Clicking On Add Customer Button : [[ChromeDriver: chrome on WINDOWS (8711aa5114513fb675c3a6f32779e552)] -> xpath: //button[normalize-space()='Add Customer']]
2023-05-23 13:05:125 INFO  AddCustomerPage :52 - Entering First Name Into First Name Filed : [[ChromeDriver: chrome on WINDOWS (8711aa5114513fb675c3a6f32779e552)] -> xpath: //input[@placeholder='First Name']]
2023-05-23 13:05:227 INFO  AddCustomerPage :57 - Entering Last Name Into Last Name Field : [[ChromeDriver: chrome on WINDOWS (8711aa5114513fb675c3a6f32779e552)] -> xpath: //input[@placeholder='Last Name']]
2023-05-23 13:05:347 INFO  AddCustomerPage :62 - Entering Postcode Into Postcode Field : [[ChromeDriver: chrome on WINDOWS (8711aa5114513fb675c3a6f32779e552)] -> xpath: //input[@placeholder='Post Code']]
2023-05-23 13:05:449 INFO  AddCustomerPage :67 - Clicking On Add Customer Button : [[ChromeDriver: chrome on WINDOWS (8711aa5114513fb675c3a6f32779e552)] -> xpath: //button[@type='submit']]
2023-05-23 13:05:851 INFO  BankManagerLoginPage :27 - Clicking On Bank Manager Login Button : [[ChromeDriver: chrome on WINDOWS (449baa4d4575aadd00720e425f93c737)] -> xpath: //button[normalize-space()='Bank Manager Login']]
2023-05-23 13:05:142 INFO  OpenAccountPage :44 - Clicking On Open An Account Button : [[ChromeDriver: chrome on WINDOWS (449baa4d4575aadd00720e425f93c737)] -> xpath: //button[normalize-space()='Open Account']]
2023-05-23 13:05:437 INFO  OpenAccountPage :50 - Clicking On The Customer Name Drop Down : [[ChromeDriver: chrome on WINDOWS (449baa4d4575aadd00720e425f93c737)] -> css selector: #userSelect]
2023-05-23 13:05:572 INFO  OpenAccountPage :52 - Selecting Customer Name From The Drop Down : [[ChromeDriver: chrome on WINDOWS (449baa4d4575aadd00720e425f93c737)] -> css selector: #userSelect]
2023-05-23 13:05:702 INFO  OpenAccountPage :58 - Clicking On The Currency Drop Down : [[ChromeDriver: chrome on WINDOWS (449baa4d4575aadd00720e425f93c737)] -> xpath: //select[@id='currency']]
2023-05-23 13:05:803 INFO  OpenAccountPage :60 - Selecting The Desired Currency From Currency Drop Down : [[ChromeDriver: chrome on WINDOWS (449baa4d4575aadd00720e425f93c737)] -> xpath: //select[@id='currency']]
2023-05-23 13:05:893 INFO  OpenAccountPage :65 - Clicking On The Process Button : [[ChromeDriver: chrome on WINDOWS (449baa4d4575aadd00720e425f93c737)] -> xpath: //button[@type='submit']]
2023-05-23 13:05:32 INFO  CustomerLoginPage :47 - Clicking On Customer Login Button : [[ChromeDriver: chrome on WINDOWS (79f74cf125e7b8901af606fbd5360295)] -> xpath: //button[@type='submit']]
2023-05-23 13:05:125 INFO  CustomerLoginPage :53 - Clicking On Customer Name Selection Drop Down : [[ChromeDriver: chrome on WINDOWS (79f74cf125e7b8901af606fbd5360295)] -> xpath: //select[@id='userSelect']]
2023-05-23 13:05:235 INFO  CustomerLoginPage :55 - Selecting Customer Name From The Drop Down : [[ChromeDriver: chrome on WINDOWS (79f74cf125e7b8901af606fbd5360295)] -> xpath: //select[@id='userSelect']]
2023-05-23 13:05:393 INFO  CustomerLoginPage :60 - Clicking On Login Button : [[ChromeDriver: chrome on WINDOWS (79f74cf125e7b8901af606fbd5360295)] -> xpath: //button[@type='submit']]
2023-05-23 13:05:591 INFO  CustomerLoginPage :65 - Verifying Whether The Logout Tab Is Displayed Or Not : 
2023-05-23 13:05:682 INFO  CustomerLoginPage :71 - Clicking On Logout Tab : [[ChromeDriver: chrome on WINDOWS (79f74cf125e7b8901af606fbd5360295)] -> xpath: //button[@class='btn logout']]
2023-05-23 13:05:378 INFO  CustomerLoginPage :47 - Clicking On Customer Login Button : [[ChromeDriver: chrome on WINDOWS (55f7b23f11390b37c11b7ff6c4b84212)] -> xpath: //button[@type='submit']]
2023-05-23 13:05:544 INFO  CustomerLoginPage :53 - Clicking On Customer Name Selection Drop Down : [[ChromeDriver: chrome on WINDOWS (55f7b23f11390b37c11b7ff6c4b84212)] -> xpath: //select[@id='userSelect']]
2023-05-23 13:05:654 INFO  CustomerLoginPage :55 - Selecting Customer Name From The Drop Down : [[ChromeDriver: chrome on WINDOWS (55f7b23f11390b37c11b7ff6c4b84212)] -> xpath: //select[@id='userSelect']]
2023-05-23 13:05:854 INFO  CustomerLoginPage :60 - Clicking On Login Button : [[ChromeDriver: chrome on WINDOWS (55f7b23f11390b37c11b7ff6c4b84212)] -> xpath: //button[@type='submit']]
2023-05-23 13:05:00 INFO  AccountPage :49 - Clicking On Deposit Button : [[ChromeDriver: chrome on WINDOWS (55f7b23f11390b37c11b7ff6c4b84212)] -> xpath: //button[normalize-space()='Deposit']]
2023-05-23 13:05:306 INFO  AccountPage :54 - Entering The Amount Into Amount Field : [[ChromeDriver: chrome on WINDOWS (55f7b23f11390b37c11b7ff6c4b84212)] -> xpath: //input[@placeholder='amount']]
2023-05-23 13:05:401 INFO  AccountPage :59 - Clicking On Deposit Button : [[ChromeDriver: chrome on WINDOWS (55f7b23f11390b37c11b7ff6c4b84212)] -> xpath: //button[@type='submit']]
2023-05-23 13:05:497 INFO  CustomerLoginPage :47 - Clicking On Customer Login Button : [[ChromeDriver: chrome on WINDOWS (425e000d8ef7de6da7d4b7c9117594a6)] -> xpath: //button[@type='submit']]
2023-05-23 13:05:592 INFO  CustomerLoginPage :53 - Clicking On Customer Name Selection Drop Down : [[ChromeDriver: chrome on WINDOWS (425e000d8ef7de6da7d4b7c9117594a6)] -> xpath: //select[@id='userSelect']]
2023-05-23 13:05:809 INFO  CustomerLoginPage :55 - Selecting Customer Name From The Drop Down : [[ChromeDriver: chrome on WINDOWS (425e000d8ef7de6da7d4b7c9117594a6)] -> xpath: //select[@id='userSelect']]
2023-05-23 13:05:922 INFO  CustomerLoginPage :60 - Clicking On Login Button : [[ChromeDriver: chrome on WINDOWS (425e000d8ef7de6da7d4b7c9117594a6)] -> xpath: //button[@type='submit']]
2023-05-23 13:05:342 INFO  AccountPage :64 - Clicking On Withdraw Button : [[ChromeDriver: chrome on WINDOWS (425e000d8ef7de6da7d4b7c9117594a6)] -> xpath: //button[@type='submit']]
2023-05-23 13:05:462 INFO  AccountPage :54 - Entering The Amount Into Amount Field : [[ChromeDriver: chrome on WINDOWS (425e000d8ef7de6da7d4b7c9117594a6)] -> xpath: //input[@placeholder='amount']]
2023-05-23 13:05:576 INFO  AccountPage :74 - Clicking On Withdraw Button : [[ChromeDriver: chrome on WINDOWS (425e000d8ef7de6da7d4b7c9117594a6)] -> xpath: //button[@type='submit']]
